TN:
SF:app.js
FNF:0
FNH:0
DA:3,1
DA:13,1
DA:16,1
DA:17,1
DA:18,1
DA:21,1
DA:31,1
DA:32,1
DA:33,1
DA:34,1
DA:35,1
DA:37,1
LF:12
LH:12
BRDA:13,0,0,1
BRDA:13,0,1,0
BRF:2
BRH:1
end_of_record
TN:
SF:controller/AccountController.js
FN:8,register
FN:22,(anonymous_1)
FN:41,isEmailValid
FNF:3
FNH:3
FNDA:7,register
FNDA:2,(anonymous_1)
FNDA:14,isEmailValid
DA:10,7
DA:11,5
DA:15,5
DA:18,2
DA:22,2
DA:23,2
DA:24,1
DA:29,1
DA:42,14
LF:9
LH:9
BRDA:10,0,0,5
BRDA:10,0,1,2
BRDA:23,1,0,1
BRDA:23,1,1,1
BRF:4
BRH:4
end_of_record
TN:
SF:models/AccountModel.js
FNF:0
FNH:0
DA:2,1
DA:5,1
DA:10,1
LF:3
LH:3
BRF:0
BRH:0
end_of_record
TN:
SF:routes/AccountRouter.js
FNF:0
FNH:0
DA:5,1
DA:6,1
LF:2
LH:2
BRF:0
BRH:0
end_of_record
